!SESSION 2017-02-07 11:22:04.129 -----------------------------------------------
eclipse.buildId=4.5.2.M20160212-1500
java.version=1.8.0_92
java.vendor=Oracle Corporation
BootLoader constants: OS=win32, ARCH=x86_64, WS=win32, NL=en_US
Framework arguments:  -product org.eclipse.epp.package.jee.product -product org.eclipse.epp.package.jee.product
Command-line arguments:  -os win32 -ws win32 -arch x86_64 -product org.eclipse.epp.package.jee.product -data F:\HTML\ECLIPS -product org.eclipse.epp.package.jee.product

!ENTRY org.eclipse.equinox.preferences 4 2 2017-02-07 11:22:05.536
!MESSAGE Problems occurred when invoking code from plug-in: "org.eclipse.equinox.preferences".
!STACK 0
java.lang.IllegalStateException: The platform metadata area could not be written: F:\HTML\ECLIPS\.metadata.  By default the platform writes its content
under the current working directory when the platform is launched.  Use the -data parameter to
specify a different content area for the platform.
	at org.eclipse.core.internal.runtime.DataArea.assertLocationInitialized(DataArea.java:61)
	at org.eclipse.core.internal.runtime.DataArea.getStateLocation(DataArea.java:129)
	at org.eclipse.core.internal.preferences.InstancePreferences.getBaseLocation(InstancePreferences.java:44)
	at org.eclipse.core.internal.preferences.InstancePreferences.initializeChildren(InstancePreferences.java:199)
	at org.eclipse.core.internal.preferences.InstancePreferences.<init>(InstancePreferences.java:59)
	at org.eclipse.core.internal.preferences.InstancePreferences.internalCreate(InstancePreferences.java:209)
	at org.eclipse.core.internal.preferences.EclipsePreferences.create(EclipsePreferences.java:391)
	at org.eclipse.core.internal.preferences.EclipsePreferences.create(EclipsePreferences.java:379)
	at org.eclipse.core.internal.preferences.PreferencesService.createNode(PreferencesService.java:389)
	at org.eclipse.core.internal.preferences.RootPreferences.getChild(RootPreferences.java:63)
	at org.eclipse.core.internal.preferences.RootPreferences.getNode(RootPreferences.java:101)
	at org.eclipse.core.internal.preferences.RootPreferences.node(RootPreferences.java:90)
	at org.eclipse.core.internal.preferences.AbstractScope.getNode(AbstractScope.java:38)
	at org.eclipse.core.runtime.preferences.InstanceScope.getNode(InstanceScope.java:80)
	at org.eclipse.core.internal.preferences.PreferencesService$5.run(PreferencesService.java:613)
	at org.eclipse.core.runtime.SafeRunner.run(SafeRunner.java:42)
	at org.eclipse.core.internal.preferences.PreferencesService.getNodes(PreferencesService.java:607)
	at org.eclipse.core.internal.preferences.PreferencesService.getBoolean(PreferencesService.java:477)
	at org.eclipse.ui.trace.internal.utils.PreferenceHandler.isTracingEnabled(PreferenceHandler.java:109)
	at org.eclipse.ui.trace.internal.TracingUIActivator.initPreferences(TracingUIActivator.java:100)
	at org.eclipse.ui.trace.internal.TracingUIActivator.start(TracingUIActivator.java:69)
	at org.eclipse.osgi.internal.framework.BundleContextImpl$3.run(BundleContextImpl.java:771)
	at org.eclipse.osgi.internal.framework.BundleContextImpl$3.run(BundleContextImpl.java:1)
	at java.security.AccessController.doPrivileged(Native Method)
	at org.eclipse.osgi.internal.framework.BundleContextImpl.startActivator(BundleContextImpl.java:764)
	at org.eclipse.osgi.internal.framework.BundleContextImpl.start(BundleContextImpl.java:721)
	at org.eclipse.osgi.internal.framework.EquinoxBundle.startWorker0(EquinoxBundle.java:941)
	at org.eclipse.osgi.internal.framework.EquinoxBundle$EquinoxModule.startWorker(EquinoxBundle.java:318)
	at org.eclipse.osgi.container.Module.doStart(Module.java:571)
	at org.eclipse.osgi.container.Module.start(Module.java:439)
	at org.eclipse.osgi.framework.util.SecureAction.start(SecureAction.java:454)
	at org.eclipse.osgi.internal.hooks.EclipseLazyStarter.postFindLocalClass(EclipseLazyStarter.java:107)
	at org.eclipse.osgi.internal.loader.classpath.ClasspathManager.findLocalClass(ClasspathManager.java:531)
	at org.eclipse.osgi.internal.loader.ModuleClassLoader.findLocalClass(ModuleClassLoader.java:324)
	at org.eclipse.osgi.internal.loader.BundleLoader.findLocalClass(BundleLoader.java:327)
	at org.eclipse.osgi.internal.loader.BundleLoader.findClassInternal(BundleLoader.java:402)
	at org.eclipse.osgi.internal.loader.BundleLoader.findClass(BundleLoader.java:352)
	at org.eclipse.osgi.internal.loader.BundleLoader.findClass(BundleLoader.java:344)
	at org.eclipse.osgi.internal.loader.ModuleClassLoader.loadClass(ModuleClassLoader.java:160)
	at java.lang.ClassLoader.loadClass(Unknown Source)
	at org.eclipse.osgi.internal.framework.EquinoxBundle.loadClass(EquinoxBundle.java:573)
	at org.eclipse.equinox.internal.ds.model.ServiceComponent.createInstance(ServiceComponent.java:493)
	at org.eclipse.equinox.internal.ds.model.ServiceComponentProp.createInstance(ServiceComponentProp.java:270)
	at org.eclipse.equinox.internal.ds.model.ServiceComponentProp.build(ServiceComponentProp.java:331)
	at org.eclipse.equinox.internal.ds.InstanceProcess.buildComponent(InstanceProcess.java:620)
	at org.eclipse.equinox.internal.ds.InstanceProcess.buildComponents(InstanceProcess.java:197)
	at org.eclipse.equinox.internal.ds.Resolver.buildNewlySatisfied(Resolver.java:473)
	at org.eclipse.equinox.internal.ds.Resolver.enableComponents(Resolver.java:217)
	at org.eclipse.equinox.internal.ds.SCRManager.performWork(SCRManager.java:816)
	at org.eclipse.equinox.internal.ds.SCRManager$QueuedJob.dispatch(SCRManager.java:783)
	at org.eclipse.equinox.internal.ds.WorkThread.run(WorkThread.java:89)
	at java.lang.Thread.run(Unknown Source)

!ENTRY org.eclipse.equinox.preferences 4 0 2017-02-07 11:22:05.536
!MESSAGE Error occurred while accessing preference scope.
!STACK 0
java.lang.IllegalStateException: The platform metadata area could not be written: F:\HTML\ECLIPS\.metadata.  By default the platform writes its content
under the current working directory when the platform is launched.  Use the -data parameter to
specify a different content area for the platform.
	at org.eclipse.core.internal.runtime.DataArea.assertLocationInitialized(DataArea.java:61)
	at org.eclipse.core.internal.runtime.DataArea.getStateLocation(DataArea.java:129)
	at org.eclipse.core.internal.preferences.InstancePreferences.getBaseLocation(InstancePreferences.java:44)
	at org.eclipse.core.internal.preferences.InstancePreferences.initializeChildren(InstancePreferences.java:199)
	at org.eclipse.core.internal.preferences.InstancePreferences.<init>(InstancePreferences.java:59)
	at org.eclipse.core.internal.preferences.InstancePreferences.internalCreate(InstancePreferences.java:209)
	at org.eclipse.core.internal.preferences.EclipsePreferences.create(EclipsePreferences.java:391)
	at org.eclipse.core.internal.preferences.EclipsePreferences.create(EclipsePreferences.java:379)
	at org.eclipse.core.internal.preferences.PreferencesService.createNode(PreferencesService.java:389)
	at org.eclipse.core.internal.preferences.RootPreferences.getChild(RootPreferences.java:63)
	at org.eclipse.core.internal.preferences.RootPreferences.getNode(RootPreferences.java:101)
	at org.eclipse.core.internal.preferences.RootPreferences.node(RootPreferences.java:90)
	at org.eclipse.core.internal.preferences.AbstractScope.getNode(AbstractScope.java:38)
	at org.eclipse.core.runtime.preferences.InstanceScope.getNode(InstanceScope.java:80)
	at org.eclipse.core.internal.preferences.PreferencesService$5.run(PreferencesService.java:613)
	at org.eclipse.core.runtime.SafeRunner.run(SafeRunner.java:42)
	at org.eclipse.core.internal.preferences.PreferencesService.getNodes(PreferencesService.java:607)
	at org.eclipse.core.internal.preferences.PreferencesService.getBoolean(PreferencesService.java:477)
	at org.eclipse.ui.trace.internal.utils.PreferenceHandler.isTracingEnabled(PreferenceHandler.java:109)
	at org.eclipse.ui.trace.internal.TracingUIActivator.initPreferences(TracingUIActivator.java:100)
	at org.eclipse.ui.trace.internal.TracingUIActivator.start(TracingUIActivator.java:69)
	at org.eclipse.osgi.internal.framework.BundleContextImpl$3.run(BundleContextImpl.java:771)
	at org.eclipse.osgi.internal.framework.BundleContextImpl$3.run(BundleContextImpl.java:1)
	at java.security.AccessController.doPrivileged(Native Method)
	at org.eclipse.osgi.internal.framework.BundleContextImpl.startActivator(BundleContextImpl.java:764)
	at org.eclipse.osgi.internal.framework.BundleContextImpl.start(BundleContextImpl.java:721)
	at org.eclipse.osgi.internal.framework.EquinoxBundle.startWorker0(EquinoxBundle.java:941)
	at org.eclipse.osgi.internal.framework.EquinoxBundle$EquinoxModule.startWorker(EquinoxBundle.java:318)
	at org.eclipse.osgi.container.Module.doStart(Module.java:571)
	at org.eclipse.osgi.container.Module.start(Module.java:439)
	at org.eclipse.osgi.framework.util.SecureAction.start(SecureAction.java:454)
	at org.eclipse.osgi.internal.hooks.EclipseLazyStarter.postFindLocalClass(EclipseLazyStarter.java:107)
	at org.eclipse.osgi.internal.loader.classpath.ClasspathManager.findLocalClass(ClasspathManager.java:531)
	at org.eclipse.osgi.internal.loader.ModuleClassLoader.findLocalClass(ModuleClassLoader.java:324)
	at org.eclipse.osgi.internal.loader.BundleLoader.findLocalClass(BundleLoader.java:327)
	at org.eclipse.osgi.internal.loader.BundleLoader.findClassInternal(BundleLoader.java:402)
	at org.eclipse.osgi.internal.loader.BundleLoader.findClass(BundleLoader.java:352)
	at org.eclipse.osgi.internal.loader.BundleLoader.findClass(BundleLoader.java:344)
	at org.eclipse.osgi.internal.loader.ModuleClassLoader.loadClass(ModuleClassLoader.java:160)
	at java.lang.ClassLoader.loadClass(Unknown Source)
	at org.eclipse.osgi.internal.framework.EquinoxBundle.loadClass(EquinoxBundle.java:573)
	at org.eclipse.equinox.internal.ds.model.ServiceComponent.createInstance(ServiceComponent.java:493)
	at org.eclipse.equinox.internal.ds.model.ServiceComponentProp.createInstance(ServiceComponentProp.java:270)
	at org.eclipse.equinox.internal.ds.model.ServiceComponentProp.build(ServiceComponentProp.java:331)
	at org.eclipse.equinox.internal.ds.InstanceProcess.buildComponent(InstanceProcess.java:620)
	at org.eclipse.equinox.internal.ds.InstanceProcess.buildComponents(InstanceProcess.java:197)
	at org.eclipse.equinox.internal.ds.Resolver.buildNewlySatisfied(Resolver.java:473)
	at org.eclipse.equinox.internal.ds.Resolver.enableComponents(Resolver.java:217)
	at org.eclipse.equinox.internal.ds.SCRManager.performWork(SCRManager.java:816)
	at org.eclipse.equinox.internal.ds.SCRManager$QueuedJob.dispatch(SCRManager.java:783)
	at org.eclipse.equinox.internal.ds.WorkThread.run(WorkThread.java:89)
	at java.lang.Thread.run(Unknown Source)

!ENTRY org.eclipse.ui.ide 4 4 2017-02-07 11:22:06.004
!MESSAGE Could not obtain lock for workspace location

!ENTRY org.eclipse.ui.ide 4 4 2017-02-07 11:22:06.004
!MESSAGE Could not obtain lock for workspace location
!STACK 0
java.io.IOException: The folder "F:\HTML\ECLIPS\.metadata" is read-only.
	at org.eclipse.osgi.internal.location.BasicLocation.lock(BasicLocation.java:175)
	at org.eclipse.osgi.internal.location.BasicLocation.lock(BasicLocation.java:149)
	at org.eclipse.ui.internal.ide.application.IDEApplication.checkInstanceLocation(IDEApplication.java:210)
	at org.eclipse.ui.internal.ide.application.IDEApplication.start(IDEApplication.java:128)
	at org.eclipse.equinox.internal.app.EclipseAppHandle.run(EclipseAppHandle.java:196)
	at org.eclipse.core.runtime.internal.adaptor.EclipseAppLauncher.runApplication(EclipseAppLauncher.java:134)
	at org.eclipse.core.runtime.internal.adaptor.EclipseAppLauncher.start(EclipseAppLauncher.java:104)
	at org.eclipse.core.runtime.adaptor.EclipseStarter.run(EclipseStarter.java:380)
	at org.eclipse.core.runtime.adaptor.EclipseStarter.run(EclipseStarter.java:235)
	at sun.reflect.NativeMethodAccessorImpl.invoke0(Native Method)
	at sun.reflect.NativeMethodAccessorImpl.invoke(Unknown Source)
	at sun.reflect.DelegatingMethodAccessorImpl.invoke(Unknown Source)
	at java.lang.reflect.Method.invoke(Unknown Source)
	at org.eclipse.equinox.launcher.Main.invokeFramework(Main.java:669)
	at org.eclipse.equinox.launcher.Main.basicRun(Main.java:608)
	at org.eclipse.equinox.launcher.Main.run(Main.java:1515)
