!SESSION 2017-12-26 10:33:57.823 -----------------------------------------------
eclipse.buildId=4.5.2.M20160212-1500
java.version=1.8.0_71
java.vendor=Oracle Corporation
BootLoader constants: OS=win32, ARCH=x86_64, WS=win32, NL=en_IN
Framework arguments:  -product org.eclipse.epp.package.jee.product
Command-line arguments:  -os win32 -ws win32 -arch x86_64 -product org.eclipse.epp.package.jee.product

!ENTRY org.springframework.ide.eclipse.boot.dash 4 0 2017-12-26 10:34:04.319
!MESSAGE FrameworkEvent ERROR
!STACK 0
org.osgi.framework.BundleException: Could not resolve module: org.springframework.ide.eclipse.boot.dash [1056]
  Bundle was not resolved because of a uses contraint violation.
  org.osgi.service.resolver.ResolutionException: Uses constraint violation. Unable to resolve resource org.springframework.ide.eclipse.boot.dash [osgi.identity; osgi.identity="org.springframework.ide.eclipse.boot.dash"; type="osgi.bundle"; version:Version="3.8.4.201703310634-RELEASE"; singleton:="true"] because it is exposed to package 'javax.xml.ws.handler' from resources org.eclipse.osgi [osgi.identity; osgi.identity="org.eclipse.osgi"; type="osgi.bundle"; version:Version="3.10.102.v20160118-1700"; singleton:="true"] and javax.xml.ws [osgi.identity; osgi.identity="javax.xml.ws"; type="osgi.bundle"; version:Version="2.1.0.v200902101523"] via two dependency chains.

Chain 1:
  org.springframework.ide.eclipse.boot.dash [osgi.identity; osgi.identity="org.springframework.ide.eclipse.boot.dash"; type="osgi.bundle"; version:Version="3.8.4.201703310634-RELEASE"; singleton:="true"]
    require: (osgi.wiring.bundle=org.eclipse.core.runtime)
     |
    provide: osgi.wiring.bundle: org.eclipse.core.runtime
  org.eclipse.osgi [osgi.identity; osgi.identity="org.eclipse.osgi"; type="osgi.bundle"; version:Version="3.10.102.v20160118-1700"; singleton:="true"]

Chain 2:
  org.springframework.ide.eclipse.boot.dash [osgi.identity; osgi.identity="org.springframework.ide.eclipse.boot.dash"; type="osgi.bundle"; version:Version="3.8.4.201703310634-RELEASE"; singleton:="true"]
    require: (osgi.wiring.bundle=org.springframework.web)
     |
    provide: osgi.wiring.bundle; bundle-version:Version="4.3.0.20160611-RELEASE"; osgi.wiring.bundle="org.springframework.web"
  org.springframework.web [osgi.identity; osgi.identity="org.springframework.web"; type="osgi.bundle"; version:Version="4.3.0.20160611-RELEASE"]
    import: (&(osgi.wiring.package=javax.xml.ws.handler)(version>=0.0.0))
     |
    export: osgi.wiring.package: javax.xml.ws.handler
  javax.xml.ws [osgi.identity; osgi.identity="javax.xml.ws"; type="osgi.bundle"; version:Version="2.1.0.v200902101523"]
	at org.eclipse.osgi.container.Module.start(Module.java:434)
	at org.eclipse.osgi.container.ModuleContainer$ContainerStartLevel.incStartLevel(ModuleContainer.java:1582)
	at org.eclipse.osgi.container.ModuleContainer$ContainerStartLevel.incStartLevel(ModuleContainer.java:1561)
	at org.eclipse.osgi.container.ModuleContainer$ContainerStartLevel.doContainerStartLevel(ModuleContainer.java:1533)
	at org.eclipse.osgi.container.ModuleContainer$ContainerStartLevel.dispatchEvent(ModuleContainer.java:1476)
	at org.eclipse.osgi.container.ModuleContainer$ContainerStartLevel.dispatchEvent(ModuleContainer.java:1)
	at org.eclipse.osgi.framework.eventmgr.EventManager.dispatchEvent(EventManager.java:230)
	at org.eclipse.osgi.framework.eventmgr.EventManager$EventThread.run(EventManager.java:340)

!ENTRY org.eclipse.osgi 4 0 2017-12-26 10:34:06.771
!MESSAGE Application error
!STACK 1
org.eclipse.swt.SWTError: No more handles
	at org.eclipse.swt.SWT.error(SWT.java:4517)
	at org.eclipse.swt.SWT.error(SWT.java:4406)
	at org.eclipse.swt.SWT.error(SWT.java:4377)
	at org.eclipse.swt.widgets.Widget.error(Widget.java:482)
	at org.eclipse.swt.widgets.Control.createHandle(Control.java:703)
	at org.eclipse.swt.widgets.Composite.createHandle(Composite.java:306)
	at org.eclipse.swt.widgets.Decorations.createHandle(Decorations.java:419)
	at org.eclipse.swt.widgets.Shell.createHandle(Shell.java:584)
	at org.eclipse.swt.widgets.Control.createWidget(Control.java:743)
	at org.eclipse.swt.widgets.Scrollable.createWidget(Scrollable.java:140)
	at org.eclipse.swt.widgets.Decorations.createWidget(Decorations.java:427)
	at org.eclipse.swt.widgets.Shell.<init>(Shell.java:297)
	at org.eclipse.swt.widgets.Shell.<init>(Shell.java:375)
	at org.eclipse.jface.window.Window.createShell(Window.java:486)
	at org.eclipse.jface.window.Window.create(Window.java:429)
	at org.eclipse.jface.dialogs.Dialog.create(Dialog.java:1096)
	at org.eclipse.jface.window.Window.open(Window.java:792)
	at org.eclipse.jface.dialogs.MessageDialog.open(MessageDialog.java:330)
	at org.eclipse.jface.dialogs.MessageDialog.open(MessageDialog.java:360)
	at org.eclipse.jface.dialogs.MessageDialog.openError(MessageDialog.java:423)
	at org.eclipse.ui.internal.ide.application.IDEApplication.checkInstanceLocation(IDEApplication.java:303)
	at org.eclipse.ui.internal.ide.application.IDEApplication.start(IDEApplication.java:128)
	at org.eclipse.equinox.internal.app.EclipseAppHandle.run(EclipseAppHandle.java:196)
	at org.eclipse.core.runtime.internal.adaptor.EclipseAppLauncher.runApplication(EclipseAppLauncher.java:134)
	at org.eclipse.core.runtime.internal.adaptor.EclipseAppLauncher.start(EclipseAppLauncher.java:104)
	at org.eclipse.core.runtime.adaptor.EclipseStarter.run(EclipseStarter.java:380)
	at org.eclipse.core.runtime.adaptor.EclipseStarter.run(EclipseStarter.java:235)
	at sun.reflect.NativeMethodAccessorImpl.invoke0(Native Method)
	at sun.reflect.NativeMethodAccessorImpl.invoke(Unknown Source)
	at sun.reflect.DelegatingMethodAccessorImpl.invoke(Unknown Source)
	at java.lang.reflect.Method.invoke(Unknown Source)
	at org.eclipse.equinox.launcher.Main.invokeFramework(Main.java:669)
	at org.eclipse.equinox.launcher.Main.basicRun(Main.java:608)
	at org.eclipse.equinox.launcher.Main.run(Main.java:1515)
